[ 2016-12-30T01:20:57+08:00 ] 127.0.0.1 /Admin/Aritcle/Index/getArticles.html?order=asc&limit=20&offset=0
INFO: [ app_begin ] --START--
INFO: Run Behavior\ReadHtmlCacheBehavior [ RunTime:0.000000s ]
INFO: [ app_begin ] --END-- [ RunTime:0.000000s ]
ERR: 无法加载控制器:Aritcle/Index

[ 2016-12-30T01:21:51+08:00 ] 127.0.0.1 /Admin/Aritcle/Index/getArticles.html?order=asc&limit=20&offset=0
INFO: [ app_begin ] --START--
INFO: Run Behavior\ReadHtmlCacheBehavior [ RunTime:0.000000s ]
INFO: [ app_begin ] --END-- [ RunTime:0.000000s ]
ERR: 无法加载控制器:Aritcle/Index

[ 2016-12-30T01:21:53+08:00 ] 127.0.0.1 /Admin/Aritcle/Index/getArticles.html?order=asc&limit=20&offset=0
INFO: [ app_begin ] --START--
INFO: Run Behavior\ReadHtmlCacheBehavior [ RunTime:0.000000s ]
INFO: [ app_begin ] --END-- [ RunTime:0.000000s ]
ERR: 无法加载控制器:Aritcle/Index

[ 2016-12-30T01:23:42+08:00 ] 127.0.0.1 /Admin/Aritcle/Index/getArticles.html?order=asc&limit=20&offset=0
INFO: [ app_begin ] --START--
INFO: Run Behavior\ReadHtmlCacheBehavior [ RunTime:0.000000s ]
INFO: [ app_begin ] --END-- [ RunTime:0.000000s ]
ERR: 无法加载控制器:Aritcle/Index

[ 2016-12-30T01:23:44+08:00 ] 127.0.0.1 /Admin/Aritcle/Index/getArticles.html?order=asc&limit=20&offset=0
INFO: [ app_begin ] --START--
INFO: Run Behavior\ReadHtmlCacheBehavior [ RunTime:0.001000s ]
INFO: [ app_begin ] --END-- [ RunTime:0.001000s ]
ERR: 无法加载控制器:Aritcle/Index

[ 2016-12-30T01:24:22+08:00 ] 127.0.0.1 /Admin/Aritcle/Index/getArticles.html?order=asc&limit=20&offset=0
ERR: 无法加载控制器:Aritcle/Index

[ 2016-12-30T01:24:59+08:00 ] 127.0.0.1 /Admin/Aritcle/Index/getArticles.html?order=asc&limit=20&offset=0
INFO: [ app_begin ] --START--
INFO: Run Behavior\ReadHtmlCacheBehavior [ RunTime:0.000000s ]
INFO: [ app_begin ] --END-- [ RunTime:0.000000s ]
ERR: 无法加载控制器:Aritcle/Index

[ 2016-12-30T01:25:05+08:00 ] 127.0.0.1 /Admin/Aritcle/Index/getArticles.html?order=asc&limit=20&offset=0
ERR: 无法加载控制器:Aritcle/Index

[ 2016-12-30T01:25:19+08:00 ] 127.0.0.1 /Admin/Aritcle/Index/getArticles.html
ERR: 无法加载控制器:Aritcle/Index

[ 2016-12-30T01:27:50+08:00 ] 127.0.0.1 /Admin/Aritcle/Index/getArticles.html
ERR: 无法加载控制器:Aritcle/Index

[ 2016-12-30T01:27:51+08:00 ] 127.0.0.1 /Admin/Aritcle/Index/getArticles.html
ERR: 无法加载控制器:Aritcle/Index

[ 2016-12-30T01:27:52+08:00 ] 127.0.0.1 /Admin/Aritcle/Index/getArticles.html
ERR: 无法加载控制器:Aritcle/Index

[ 2016-12-30T01:27:52+08:00 ] 127.0.0.1 /Admin/Aritcle/Index/getArticles.html
ERR: 无法加载控制器:Aritcle/Index

[ 2016-12-30T01:27:52+08:00 ] 127.0.0.1 /Admin/Aritcle/Index/getArticles.html
ERR: 无法加载控制器:Aritcle/Index

[ 2016-12-30T01:27:52+08:00 ] 127.0.0.1 /Admin/Aritcle/Index/getArticles.html
ERR: 无法加载控制器:Aritcle/Index

[ 2016-12-30T01:28:39+08:00 ] 127.0.0.1 /Admin/Aritcle/Index/getArticles.html?order=asc&limit=20&offset=0
INFO: [ app_begin ] --START--
INFO: Run Behavior\ReadHtmlCacheBehavior [ RunTime:0.000000s ]
INFO: [ app_begin ] --END-- [ RunTime:0.001000s ]
ERR: 无法加载控制器:Aritcle/Index

[ 2016-12-30T01:28:40+08:00 ] 127.0.0.1 /Admin/Aritcle/Index/getArticles.html?order=asc&limit=20&offset=0
INFO: [ app_begin ] --START--
INFO: Run Behavior\ReadHtmlCacheBehavior [ RunTime:0.000000s ]
INFO: [ app_begin ] --END-- [ RunTime:0.001000s ]
ERR: 无法加载控制器:Aritcle/Index

[ 2016-12-30T01:28:58+08:00 ] 127.0.0.1 /Admin/Article/Index/getArticles.html?order=asc&limit=20&offset=0
INFO: [ app_begin ] --START--
INFO: Run Behavior\ReadHtmlCacheBehavior [ RunTime:0.001000s ]
INFO: [ app_begin ] --END-- [ RunTime:0.001000s ]
SQL: SHOW COLUMNS FROM `articles` [ RunTime:0.0130s ]
ERR: Think\Model:selectBySearchAndPage方法不存在！

[ 2016-12-30T01:29:12+08:00 ] 127.0.0.1 /Admin/Article/Index/getArticles.html?order=asc&limit=20&offset=0
ERR: Think\Model:selectBySearchAndPage方法不存在！

[ 2016-12-30T02:15:13+08:00 ] 127.0.0.1 /Admin/Article/Index/getArticles.html?order=asc&limit=20&offset=0
INFO: [ app_begin ] --START--
INFO: Run Behavior\ReadHtmlCacheBehavior [ RunTime:0.001000s ]
INFO: [ app_begin ] --END-- [ RunTime:0.001000s ]
SQL: SHOW COLUMNS FROM `articles` [ RunTime:0.0120s ]
ERR: Think\Model:selectBySearchAndPage方法不存在！

[ 2016-12-30T02:15:48+08:00 ] 127.0.0.1 /Admin/Article/Index/getArticles.html?order=asc&limit=20&offset=0
INFO: [ app_begin ] --START--
INFO: Run Behavior\ReadHtmlCacheBehavior [ RunTime:0.001000s ]
INFO: [ app_begin ] --END-- [ RunTime:0.001000s ]
SQL: SHOW COLUMNS FROM `articles` [ RunTime:0.0150s ]
ERR: Think\Model:selectBySearchAndPage方法不存在！

[ 2016-12-30T02:15:48+08:00 ] 127.0.0.1 /Admin/Article/Index/getArticles.html?order=asc&limit=20&offset=0
INFO: [ app_begin ] --START--
INFO: Run Behavior\ReadHtmlCacheBehavior [ RunTime:0.000000s ]
INFO: [ app_begin ] --END-- [ RunTime:0.000000s ]
SQL: SHOW COLUMNS FROM `articles` [ RunTime:0.0150s ]
ERR: Think\Model:selectBySearchAndPage方法不存在！

[ 2016-12-30T02:15:48+08:00 ] 127.0.0.1 /Admin/Article/Index/getArticles.html?order=asc&limit=20&offset=0
INFO: [ app_begin ] --START--
INFO: Run Behavior\ReadHtmlCacheBehavior [ RunTime:0.001000s ]
INFO: [ app_begin ] --END-- [ RunTime:0.001000s ]
SQL: SHOW COLUMNS FROM `articles` [ RunTime:0.0170s ]
ERR: Think\Model:selectBySearchAndPage方法不存在！

[ 2016-12-30T02:15:48+08:00 ] 127.0.0.1 /Admin/Article/Index/getArticles.html?order=asc&limit=20&offset=0
INFO: [ app_begin ] --START--
INFO: Run Behavior\ReadHtmlCacheBehavior [ RunTime:0.001001s ]
INFO: [ app_begin ] --END-- [ RunTime:0.001001s ]
SQL: SHOW COLUMNS FROM `articles` [ RunTime:0.0130s ]
ERR: Think\Model:selectBySearchAndPage方法不存在！

[ 2016-12-30T02:15:49+08:00 ] 127.0.0.1 /Admin/Article/Index/getArticles.html?order=asc&limit=20&offset=0
INFO: [ app_begin ] --START--
INFO: Run Behavior\ReadHtmlCacheBehavior [ RunTime:0.000000s ]
INFO: [ app_begin ] --END-- [ RunTime:0.000000s ]
SQL: SHOW COLUMNS FROM `articles` [ RunTime:0.0130s ]
ERR: Think\Model:selectBySearchAndPage方法不存在！

[ 2016-12-30T02:15:49+08:00 ] 127.0.0.1 /Admin/Article/Index/getArticles.html?order=asc&limit=20&offset=0
INFO: [ app_begin ] --START--
INFO: Run Behavior\ReadHtmlCacheBehavior [ RunTime:0.000000s ]
INFO: [ app_begin ] --END-- [ RunTime:0.000000s ]
SQL: SHOW COLUMNS FROM `articles` [ RunTime:0.0190s ]
ERR: Think\Model:selectBySearchAndPage方法不存在！

