[ 2017-01-02T10:52:31+08:00 ] 127.0.0.1 /Admin/Article/Index/getArticles.html?order=asc&limit=20&offset=0
INFO: [ app_begin ] --START--
INFO: Run Behavior\ReadHtmlCacheBehavior [ RunTime:0.001000s ]
INFO: [ app_begin ] --END-- [ RunTime:0.001000s ]
SQL: SHOW COLUMNS FROM `articles` [ RunTime:0.0190s ]
ERR: Think\Model:selectBySearchAndPage方法不存在！

[ 2017-01-02T11:00:24+08:00 ] 127.0.0.1 /Admin/Article/Index/index.html
ERR: Think\Controller:getCurrentGroupId方法不存在！

[ 2017-01-02T11:01:18+08:00 ] 127.0.0.1 /Admin/Article/Index/index.html
ERR: Think\Controller:getCurrentGroupId方法不存在！

[ 2017-01-02T11:01:44+08:00 ] 127.0.0.1 /Admin/Article/Index/getArticles.html?order=asc&limit=20&offset=0
INFO: [ app_begin ] --START--
INFO: Run Behavior\ReadHtmlCacheBehavior [ RunTime:0.000000s ]
INFO: [ app_begin ] --END-- [ RunTime:0.000000s ]
SQL: SHOW COLUMNS FROM `articles` [ RunTime:0.0090s ]
ERR: Think\Model:selectBySearchAndPage方法不存在！

[ 2017-01-02T11:02:04+08:00 ] 127.0.0.1 /Admin/Article/Index/getArticles.html?order=asc&limit=20&offset=0
INFO: [ app_begin ] --START--
INFO: Run Behavior\ReadHtmlCacheBehavior [ RunTime:0.000000s ]
INFO: [ app_begin ] --END-- [ RunTime:0.001000s ]
SQL: SHOW COLUMNS FROM `articles` [ RunTime:0.0090s ]
ERR: Think\Model:selectBySearchAndPage方法不存在！

[ 2017-01-02T11:02:56+08:00 ] 127.0.0.1 /Admin/Article/Index/getArticles.html?order=asc&limit=20&offset=0
INFO: [ app_begin ] --START--
INFO: Run Behavior\ReadHtmlCacheBehavior [ RunTime:0.000000s ]
INFO: [ app_begin ] --END-- [ RunTime:0.001000s ]
SQL: SHOW COLUMNS FROM `articles` [ RunTime:0.0100s ]
ERR: Think\Model:selectBySearchAndPage方法不存在！

[ 2017-01-02T11:04:19+08:00 ] 127.0.0.1 /Admin/Article/Index/getArticles.html?order=asc&limit=20&offset=0
INFO: [ app_begin ] --START--
INFO: Run Behavior\ReadHtmlCacheBehavior [ RunTime:0.001000s ]
INFO: [ app_begin ] --END-- [ RunTime:0.001000s ]
SQL: SHOW COLUMNS FROM `articles` [ RunTime:0.0150s ]
ERR: Think\Model:selectBySearchAndPage方法不存在！

[ 2017-01-02T11:11:50+08:00 ] 127.0.0.1 /Admin/Article/Index/getArticles.html?order=asc&limit=20&offset=0
INFO: [ app_begin ] --START--
INFO: Run Behavior\ReadHtmlCacheBehavior [ RunTime:0.001000s ]
INFO: [ app_begin ] --END-- [ RunTime:0.001000s ]
ERR: 1146:Table 'bsl_copy.articlesnnj' doesn't exist
 [ SQL语句 ] : SHOW COLUMNS FROM `articlesnnj`
ERR: 1146:Table 'bsl_copy.articlesnnj' doesn't exist
 [ SQL语句 ] : SHOW COLUMNS FROM `articlesnnj`

[ 2017-01-02T11:12:32+08:00 ] 127.0.0.1 /Admin/Article/Index/getArticles.html?order=asc&limit=20&offset=0
INFO: [ app_begin ] --START--
INFO: Run Behavior\ReadHtmlCacheBehavior [ RunTime:0.000000s ]
INFO: [ app_begin ] --END-- [ RunTime:0.000000s ]
SQL: SHOW COLUMNS FROM `articles` [ RunTime:0.0120s ]
SQL: SELECT * FROM `articles`  [ RunTime:0.0010s ]
INFO: [ app_end ] --START--
INFO: Run Behavior\ShowPageTraceBehavior [ RunTime:0.000000s ]
INFO: [ app_end ] --END-- [ RunTime:0.000000s ]

[ 2017-01-02T11:14:39+08:00 ] 127.0.0.1 /Admin/Article/Index/getArticles.html?order=asc&limit=20&offset=0
INFO: [ app_begin ] --START--
INFO: Run Behavior\ReadHtmlCacheBehavior [ RunTime:0.000000s ]
INFO: [ app_begin ] --END-- [ RunTime:0.001000s ]
SQL: SHOW COLUMNS FROM `articles` [ RunTime:0.0110s ]
ERR: Think\Model:selectBySearchAndPage方法不存在！

[ 2017-01-02T11:14:51+08:00 ] 127.0.0.1 /Admin/Article/Index/getArticles.html?order=asc&limit=20&offset=0
INFO: [ app_begin ] --START--
INFO: Run Behavior\ReadHtmlCacheBehavior [ RunTime:0.000000s ]
INFO: [ app_begin ] --END-- [ RunTime:0.000000s ]
SQL: SHOW COLUMNS FROM `articles` [ RunTime:0.0170s ]
SQL: SELECT * FROM `articles`  [ RunTime:0.0010s ]
INFO: [ app_end ] --START--
INFO: Run Behavior\ShowPageTraceBehavior [ RunTime:0.000000s ]
INFO: [ app_end ] --END-- [ RunTime:0.000000s ]

[ 2017-01-02T11:17:04+08:00 ] 127.0.0.1 /Admin/Article/Index/getArticles.html?order=asc&limit=20&offset=0
INFO: [ app_begin ] --START--
INFO: Run Behavior\ReadHtmlCacheBehavior [ RunTime:0.000000s ]
INFO: [ app_begin ] --END-- [ RunTime:0.001000s ]
INFO: [ app_end ] --START--
INFO: Run Behavior\ShowPageTraceBehavior [ RunTime:0.000000s ]
INFO: [ app_end ] --END-- [ RunTime:0.000000s ]

[ 2017-01-02T19:32:39+08:00 ] 127.0.0.1 /Admin/Login/login/checkLogin.html
ERR: SQLSTATE[HY000] [1045] Access denied for user 'root'@'localhost' (using password: YES)

[ 2017-01-02T19:46:53+08:00 ] 127.0.0.1 /Admin/Settings/Index/index.html
ERR: 无法加载控制器:Settings/Index

[ 2017-01-02T19:50:07+08:00 ] 127.0.0.1 /Admin/Article/Index/index.html
ERR: 1146:Table 'bsl_copy.table' doesn't exist
 [ SQL语句 ] : SHOW COLUMNS FROM `table`

[ 2017-01-02T20:29:28+08:00 ] 127.0.0.1 /Admin/Article/Index/index.html
ERR: 1146:Table 'bsl_copy.table' doesn't exist
 [ SQL语句 ] : SHOW COLUMNS FROM `table`

[ 2017-01-02T20:41:07+08:00 ] 127.0.0.1 /Admin/Article/Index/getArticles.html?order=asc&limit=20&offset=0
INFO: [ app_begin ] --START--
INFO: Run Behavior\ReadHtmlCacheBehavior [ RunTime:0.000075s ]
INFO: [ app_begin ] --END-- [ RunTime:0.000186s ]
SQL: SHOW COLUMNS FROM `articles` [ RunTime:0.0006s ]
SQL: SELECT * FROM `articles`  [ RunTime:0.0003s ]
INFO: [ app_end ] --START--
INFO: Run Behavior\ShowPageTraceBehavior [ RunTime:0.000075s ]
INFO: [ app_end ] --END-- [ RunTime:0.000118s ]

[ 2017-01-02T20:44:55+08:00 ] 127.0.0.1 /Admin/Article/Index/getArticles.html?order=asc&limit=20&offset=0
INFO: [ app_begin ] --START--
INFO: Run Behavior\ReadHtmlCacheBehavior [ RunTime:0.000053s ]
INFO: [ app_begin ] --END-- [ RunTime:0.000136s ]
SQL: SHOW COLUMNS FROM `articles` [ RunTime:0.0006s ]
ERR: Think\Model:selectBySearchAndPage方法不存在！

[ 2017-01-02T20:44:55+08:00 ] 127.0.0.1 /Admin/Article/Index/index.js.map
ERR: 非法操作:index.js.map

[ 2017-01-02T20:45:40+08:00 ] 127.0.0.1 /Admin/Article/Index/getArticles.html?order=asc&limit=20&offset=0
INFO: [ app_begin ] --START--
INFO: Run Behavior\ReadHtmlCacheBehavior [ RunTime:0.000034s ]
INFO: [ app_begin ] --END-- [ RunTime:0.000089s ]
SQL: SHOW COLUMNS FROM `articles` [ RunTime:0.0005s ]
ERR: Think\Model:selectBySearchAndPage方法不存在！

[ 2017-01-02T20:45:40+08:00 ] 127.0.0.1 /Admin/Article/Index/index.js.map
ERR: 非法操作:index.js.map

[ 2017-01-02T20:46:19+08:00 ] 127.0.0.1 /Admin/Article/Index/getArticles.html?order=asc&limit=20&offset=0
INFO: [ app_begin ] --START--
INFO: Run Behavior\ReadHtmlCacheBehavior [ RunTime:0.000024s ]
INFO: [ app_begin ] --END-- [ RunTime:0.000063s ]
SQL: SHOW COLUMNS FROM `articles` [ RunTime:0.0006s ]
ERR: Think\Model:test方法不存在！

[ 2017-01-02T20:46:19+08:00 ] 127.0.0.1 /Admin/Article/Index/index.js.map
ERR: 非法操作:index.js.map

[ 2017-01-02T20:48:45+08:00 ] 127.0.0.1 /Admin/Article/Index/getArticles.html?order=asc&limit=20&offset=0
INFO: [ app_begin ] --START--
INFO: Run Behavior\ReadHtmlCacheBehavior [ RunTime:0.000041s ]
INFO: [ app_begin ] --END-- [ RunTime:0.000111s ]
SQL: SHOW COLUMNS FROM `articles` [ RunTime:0.0007s ]
INFO: [ app_end ] --START--
INFO: Run Behavior\ShowPageTraceBehavior [ RunTime:0.000070s ]
INFO: [ app_end ] --END-- [ RunTime:0.000118s ]

[ 2017-01-02T20:48:45+08:00 ] 127.0.0.1 /Admin/Article/Index/index.js.map
ERR: 非法操作:index.js.map

[ 2017-01-02T21:14:41+08:00 ] 127.0.0.1 /Admin/Article/Index/getArticles.html?order=asc&limit=20&offset=0
INFO: [ app_begin ] --START--
INFO: Run Behavior\ReadHtmlCacheBehavior [ RunTime:0.000024s ]
INFO: [ app_begin ] --END-- [ RunTime:0.000066s ]

[ 2017-01-02T21:14:41+08:00 ] 127.0.0.1 /Admin/Article/Index/index.js.map
ERR: 非法操作:index.js.map

[ 2017-01-02T21:16:34+08:00 ] 127.0.0.1 /Admin/Article/Index/getArticles.html?order=asc&limit=20&offset=0
INFO: [ app_begin ] --START--
INFO: Run Behavior\ReadHtmlCacheBehavior [ RunTime:0.000044s ]
INFO: [ app_begin ] --END-- [ RunTime:0.000112s ]

[ 2017-01-02T21:16:34+08:00 ] 127.0.0.1 /Admin/Article/Index/index.js.map
ERR: 非法操作:index.js.map

[ 2017-01-02T21:18:14+08:00 ] 127.0.0.1 /Admin/Article/Index/getArticles.html?order=asc&limit=20&offset=0
INFO: [ app_begin ] --START--
INFO: Run Behavior\ReadHtmlCacheBehavior [ RunTime:0.000039s ]
INFO: [ app_begin ] --END-- [ RunTime:0.000103s ]
SQL: SHOW COLUMNS FROM `articles` [ RunTime:0.0007s ]
SQL: SHOW COLUMNS FROM `articles` [ RunTime:0.0007s ]
ERR: 1064:You have an error in your SQL syntax; check the manual that corresponds to your MySQL server version for the right syntax to use near ''%% ) LIMIT 1' at line 1
 [ SQL语句 ] : SELECT COUNT(*) AS tp_count FROM `articles` WHERE ( keyword like '%% ) LIMIT 1  
ERR: 1064:You have an error in your SQL syntax; check the manual that corresponds to your MySQL server version for the right syntax to use near ''%% ) LIMIT 1' at line 1
 [ SQL语句 ] : SELECT COUNT(*) AS tp_count FROM `articles` WHERE ( keyword like '%% ) LIMIT 1  

[ 2017-01-02T21:18:14+08:00 ] 127.0.0.1 /Admin/Article/Index/index.js.map
ERR: 非法操作:index.js.map

[ 2017-01-02T21:18:36+08:00 ] 127.0.0.1 /Admin/Article/Index/getArticles.html?order=asc&limit=20&offset=0
INFO: [ app_begin ] --START--
INFO: Run Behavior\ReadHtmlCacheBehavior [ RunTime:0.000042s ]
INFO: [ app_begin ] --END-- [ RunTime:0.000108s ]
SQL: SHOW COLUMNS FROM `articles` [ RunTime:0.0006s ]
SQL: SHOW COLUMNS FROM `articles` [ RunTime:0.0004s ]
SQL: SELECT COUNT(*) AS tp_count FROM `articles` WHERE ( keyword like '%%' ) LIMIT 1   [ RunTime:0.0003s ]
SQL: SELECT * FROM `articles` LIMIT 0,20   [ RunTime:0.0003s ]
NOTIC: [2] array_key_exists() expects parameter 2 to be array, null given /home/zhong/WebProjects/bsl/App/Common/Model/CommonModel.class.php 第 18 行.

[ 2017-01-02T21:18:36+08:00 ] 127.0.0.1 /Admin/Article/Index/index.js.map
ERR: 非法操作:index.js.map

[ 2017-01-02T21:19:12+08:00 ] 127.0.0.1 /Admin/Article/Index/getArticles.html?order=asc&limit=20&offset=0
INFO: [ app_begin ] --START--
INFO: Run Behavior\ReadHtmlCacheBehavior [ RunTime:0.000064s ]
INFO: [ app_begin ] --END-- [ RunTime:0.000153s ]
SQL: SHOW COLUMNS FROM `articles` [ RunTime:0.0005s ]
SQL: SHOW COLUMNS FROM `articles` [ RunTime:0.0005s ]
SQL: SELECT COUNT(*) AS tp_count FROM `articles` WHERE ( keyword like '%%' ) LIMIT 1   [ RunTime:0.0003s ]
SQL: SELECT * FROM `articles` LIMIT 0,20   [ RunTime:0.0002s ]
NOTIC: [2] array_key_exists() expects parameter 2 to be array, null given /home/zhong/WebProjects/bsl/App/Common/Model/CommonModel.class.php 第 18 行.

[ 2017-01-02T21:19:13+08:00 ] 127.0.0.1 /Admin/Article/Index/index.js.map
ERR: 非法操作:index.js.map

[ 2017-01-02T21:19:47+08:00 ] 127.0.0.1 /Admin/Article/Index/getArticles.html?order=asc&limit=20&offset=0
INFO: [ app_begin ] --START--
INFO: Run Behavior\ReadHtmlCacheBehavior [ RunTime:0.000024s ]
INFO: [ app_begin ] --END-- [ RunTime:0.000061s ]
SQL: SHOW COLUMNS FROM `articles` [ RunTime:0.0007s ]
SQL: SHOW COLUMNS FROM `articles` [ RunTime:0.0008s ]
SQL: SELECT COUNT(*) AS tp_count FROM `articles` WHERE ( keyword like '%%' ) LIMIT 1   [ RunTime:0.0004s ]
SQL: SELECT * FROM `articles` LIMIT 0,20   [ RunTime:0.0003s ]
NOTIC: [2] array_key_exists() expects parameter 2 to be array, null given /home/zhong/WebProjects/bsl/App/Common/Model/CommonModel.class.php 第 18 行.
SQL: SELECT * FROM `articles` WHERE `id` = 1  [ RunTime:0.0003s ]

[ 2017-01-02T21:19:47+08:00 ] 127.0.0.1 /Admin/Article/Index/index.js.map
ERR: 非法操作:index.js.map

[ 2017-01-02T21:20:16+08:00 ] 127.0.0.1 /Admin/Article/Index/getArticles.html?order=asc&limit=20&offset=0
INFO: [ app_begin ] --START--
INFO: Run Behavior\ReadHtmlCacheBehavior [ RunTime:0.000028s ]
INFO: [ app_begin ] --END-- [ RunTime:0.000071s ]
SQL: SHOW COLUMNS FROM `articles` [ RunTime:0.0008s ]
SQL: SHOW COLUMNS FROM `articles` [ RunTime:0.0007s ]
SQL: SELECT COUNT(*) AS tp_count FROM `articles` WHERE ( keyword like '%%' ) LIMIT 1   [ RunTime:0.0005s ]
SQL: SELECT * FROM `articles` LIMIT 0,20   [ RunTime:0.0002s ]
NOTIC: [2] array_key_exists() expects parameter 2 to be array, null given /home/zhong/WebProjects/bsl/App/Common/Model/CommonModel.class.php 第 18 行.
SQL: SELECT * FROM `articles` WHERE `id` = 1  [ RunTime:0.0002s ]

[ 2017-01-02T21:20:16+08:00 ] 127.0.0.1 /Admin/Article/Index/index.js.map
ERR: 非法操作:index.js.map

[ 2017-01-02T21:20:37+08:00 ] 127.0.0.1 /Admin/Article/Index/getArticles.html?order=asc&limit=20&offset=0
INFO: [ app_begin ] --START--
INFO: Run Behavior\ReadHtmlCacheBehavior [ RunTime:0.000039s ]
INFO: [ app_begin ] --END-- [ RunTime:0.000097s ]
SQL: SHOW COLUMNS FROM `articles` [ RunTime:0.0004s ]
SQL: SHOW COLUMNS FROM `articles` [ RunTime:0.0004s ]
SQL: SELECT COUNT(*) AS tp_count FROM `articles` WHERE ( keyword like '%%' ) LIMIT 1   [ RunTime:0.0003s ]
SQL: SELECT * FROM `articles` LIMIT 0,20   [ RunTime:0.0003s ]
NOTIC: [2] array_key_exists() expects parameter 2 to be array, null given /home/zhong/WebProjects/bsl/App/Common/Model/CommonModel.class.php 第 18 行.
SQL: SELECT * FROM `articles` WHERE `id` = 1  [ RunTime:0.0006s ]

[ 2017-01-02T21:20:37+08:00 ] 127.0.0.1 /Admin/Article/Index/index.js.map
ERR: 非法操作:index.js.map

[ 2017-01-02T21:21:17+08:00 ] 127.0.0.1 /Admin/Article/Index/getArticles.html?order=asc&limit=20&offset=0
INFO: [ app_begin ] --START--
INFO: Run Behavior\ReadHtmlCacheBehavior [ RunTime:0.000029s ]
INFO: [ app_begin ] --END-- [ RunTime:0.000074s ]
SQL: SHOW COLUMNS FROM `articles` [ RunTime:0.0006s ]
SQL: SHOW COLUMNS FROM `articles` [ RunTime:0.0004s ]
SQL: SELECT COUNT(*) AS tp_count FROM `articles` WHERE ( keyword like '%%' ) LIMIT 1   [ RunTime:0.0002s ]
SQL: SELECT * FROM `articles` LIMIT 0,20   [ RunTime:0.0001s ]
NOTIC: [2] array_key_exists() expects parameter 2 to be array, null given /home/zhong/WebProjects/bsl/App/Common/Model/CommonModel.class.php 第 18 行.
SQL: SELECT * FROM `articles` WHERE `id` = 1  [ RunTime:0.0001s ]

[ 2017-01-02T21:21:17+08:00 ] 127.0.0.1 /Admin/Article/Index/index.js.map
ERR: 非法操作:index.js.map

[ 2017-01-02T21:21:49+08:00 ] 127.0.0.1 /Admin/Article/Index/getArticles.html?order=asc&limit=20&offset=0
INFO: [ app_begin ] --START--
INFO: Run Behavior\ReadHtmlCacheBehavior [ RunTime:0.000036s ]
INFO: [ app_begin ] --END-- [ RunTime:0.000098s ]
SQL: SHOW COLUMNS FROM `articles` [ RunTime:0.0006s ]
SQL: SHOW COLUMNS FROM `articles` [ RunTime:0.0005s ]
SQL: SELECT COUNT(*) AS tp_count FROM `articles` WHERE ( keyword like '%%' ) LIMIT 1   [ RunTime:0.0003s ]
SQL: SELECT * FROM `articles` LIMIT 0,20   [ RunTime:0.0003s ]
NOTIC: [2] array_key_exists() expects parameter 2 to be array, null given /home/zhong/WebProjects/bsl/App/Common/Model/CommonModel.class.php 第 18 行.
SQL: SELECT * FROM `articles` WHERE `id` = 1  [ RunTime:0.0003s ]

[ 2017-01-02T21:21:49+08:00 ] 127.0.0.1 /Admin/Article/Index/index.js.map
ERR: 非法操作:index.js.map

[ 2017-01-02T21:22:07+08:00 ] 127.0.0.1 /Admin/Article/Index/getArticles.html?order=asc&limit=20&offset=0
INFO: [ app_begin ] --START--
INFO: Run Behavior\ReadHtmlCacheBehavior [ RunTime:0.000060s ]
INFO: [ app_begin ] --END-- [ RunTime:0.000157s ]
SQL: SHOW COLUMNS FROM `articles` [ RunTime:0.0008s ]
SQL: SHOW COLUMNS FROM `articles` [ RunTime:0.0005s ]
SQL: SELECT COUNT(*) AS tp_count FROM `articles` WHERE ( keyword like '%%' ) LIMIT 1   [ RunTime:0.0003s ]
SQL: SELECT * FROM `articles` LIMIT 0,20   [ RunTime:0.0002s ]
NOTIC: [2] array_key_exists() expects parameter 2 to be array, null given /home/zhong/WebProjects/bsl/App/Common/Model/CommonModel.class.php 第 18 行.
SQL: SELECT * FROM `articles` WHERE `id` = 1  [ RunTime:0.0002s ]

[ 2017-01-02T21:22:07+08:00 ] 127.0.0.1 /Admin/Article/Index/index.js.map
ERR: 非法操作:index.js.map

[ 2017-01-02T21:22:39+08:00 ] 127.0.0.1 /Admin/Article/Index/getArticles.html?order=asc&limit=20&offset=0
INFO: [ app_begin ] --START--
INFO: Run Behavior\ReadHtmlCacheBehavior [ RunTime:0.000037s ]
INFO: [ app_begin ] --END-- [ RunTime:0.000092s ]
SQL: SHOW COLUMNS FROM `articles` [ RunTime:0.0006s ]
SQL: SHOW COLUMNS FROM `articles` [ RunTime:0.0004s ]
SQL: SELECT COUNT(*) AS tp_count FROM `articles` WHERE ( keyword like '%%' ) LIMIT 1   [ RunTime:0.0002s ]
SQL: SELECT * FROM `articles` LIMIT 0,20   [ RunTime:0.0002s ]
NOTIC: [2] array_key_exists() expects parameter 2 to be array, null given /home/zhong/WebProjects/bsl/App/Common/Model/CommonModel.class.php 第 18 行.
SQL: SELECT * FROM `articles` WHERE `id` = 1  [ RunTime:0.0002s ]
INFO: [ app_end ] --START--
INFO: Run Behavior\ShowPageTraceBehavior [ RunTime:0.000058s ]
INFO: [ app_end ] --END-- [ RunTime:0.000115s ]

[ 2017-01-02T21:22:39+08:00 ] 127.0.0.1 /Admin/Article/Index/index.js.map
ERR: 非法操作:index.js.map

[ 2017-01-02T21:25:13+08:00 ] 127.0.0.1 /Admin/Article/Index/getArticles.html?order=asc&limit=20&offset=0
INFO: [ app_begin ] --START--
INFO: Run Behavior\ReadHtmlCacheBehavior [ RunTime:0.000042s ]
INFO: [ app_begin ] --END-- [ RunTime:0.000107s ]
SQL: SHOW COLUMNS FROM `articles` [ RunTime:0.0006s ]
SQL: SHOW COLUMNS FROM `articles` [ RunTime:0.0005s ]
SQL: SELECT COUNT(*) AS tp_count FROM `articles` WHERE ( keyword like '%%' ) LIMIT 1   [ RunTime:0.0003s ]
SQL: SELECT * FROM `articles` LIMIT 0,20   [ RunTime:0.0002s ]
NOTIC: [2] array_key_exists() expects parameter 2 to be array, null given /home/zhong/WebProjects/bsl/App/Common/Model/CommonModel.class.php 第 18 行.
SQL: SELECT * FROM `articles` WHERE `id` = 1  [ RunTime:0.0003s ]
INFO: [ app_end ] --START--
INFO: Run Behavior\ShowPageTraceBehavior [ RunTime:0.000064s ]
INFO: [ app_end ] --END-- [ RunTime:0.000106s ]

[ 2017-01-02T21:25:13+08:00 ] 127.0.0.1 /Admin/Article/Index/index.js.map
ERR: 非法操作:index.js.map

[ 2017-01-02T21:26:10+08:00 ] 127.0.0.1 /Admin/Article/Index/getArticles.html?order=asc&limit=20&offset=0
INFO: [ app_begin ] --START--
INFO: Run Behavior\ReadHtmlCacheBehavior [ RunTime:0.000034s ]
INFO: [ app_begin ] --END-- [ RunTime:0.000088s ]
SQL: SHOW COLUMNS FROM `articles` [ RunTime:0.0004s ]
SQL: SHOW COLUMNS FROM `articles` [ RunTime:0.0003s ]
SQL: SELECT COUNT(*) AS tp_count FROM `articles` WHERE ( keyword like '%%' ) LIMIT 1   [ RunTime:0.0002s ]
SQL: SELECT * FROM `articles` LIMIT 0,20   [ RunTime:0.0002s ]
NOTIC: [2] array_key_exists() expects parameter 2 to be array, null given /home/zhong/WebProjects/bsl/App/Common/Model/CommonModel.class.php 第 18 行.
SQL: SELECT * FROM `articles` WHERE `id` = 1  [ RunTime:0.0003s ]
INFO: [ app_end ] --START--
INFO: Run Behavior\ShowPageTraceBehavior [ RunTime:0.000060s ]
INFO: [ app_end ] --END-- [ RunTime:0.000100s ]

[ 2017-01-02T21:26:10+08:00 ] 127.0.0.1 /Admin/Article/Index/index.js.map
ERR: 非法操作:index.js.map

[ 2017-01-02T21:26:45+08:00 ] 127.0.0.1 /Admin/Article/Index/getArticles.html?order=asc&limit=20&offset=0
INFO: [ app_begin ] --START--
INFO: Run Behavior\ReadHtmlCacheBehavior [ RunTime:0.000040s ]
INFO: [ app_begin ] --END-- [ RunTime:0.000101s ]
SQL: SHOW COLUMNS FROM `articles` [ RunTime:0.0009s ]
SQL: SHOW COLUMNS FROM `articles` [ RunTime:0.0009s ]
SQL: SELECT COUNT(*) AS tp_count FROM `articles` WHERE ( keyword like '%%' ) LIMIT 1   [ RunTime:0.0003s ]
SQL: SELECT * FROM `articles` LIMIT 0,20   [ RunTime:0.0003s ]
NOTIC: [2] array_key_exists() expects parameter 2 to be array, null given /home/zhong/WebProjects/bsl/App/Common/Model/CommonModel.class.php 第 18 行.
SQL: SELECT * FROM `articles` WHERE `id` = 1  [ RunTime:0.0003s ]
INFO: [ app_end ] --START--
INFO: Run Behavior\ShowPageTraceBehavior [ RunTime:0.000058s ]
INFO: [ app_end ] --END-- [ RunTime:0.000097s ]

[ 2017-01-02T21:26:45+08:00 ] 127.0.0.1 /Admin/Article/Index/index.js.map
ERR: 非法操作:index.js.map

[ 2017-01-02T21:27:16+08:00 ] 127.0.0.1 /Admin/Article/Index/getArticles.html?order=asc&limit=20&offset=0
INFO: [ app_begin ] --START--
INFO: Run Behavior\ReadHtmlCacheBehavior [ RunTime:0.000037s ]
INFO: [ app_begin ] --END-- [ RunTime:0.000093s ]
SQL: SHOW COLUMNS FROM `articles` [ RunTime:0.0004s ]
SQL: SHOW COLUMNS FROM `articles` [ RunTime:0.0003s ]
SQL: SELECT COUNT(*) AS tp_count FROM `articles` WHERE ( keyword like '%%' ) LIMIT 1   [ RunTime:0.0002s ]
SQL: SELECT * FROM `articles` LIMIT 0,20   [ RunTime:0.0002s ]
NOTIC: [2] array_key_exists() expects parameter 2 to be array, null given /home/zhong/WebProjects/bsl/App/Common/Model/CommonModel.class.php 第 18 行.
SQL: SELECT * FROM `articles` WHERE `id` = 1  [ RunTime:0.0002s ]
INFO: [ app_end ] --START--
INFO: Run Behavior\ShowPageTraceBehavior [ RunTime:0.000045s ]
INFO: [ app_end ] --END-- [ RunTime:0.000071s ]

[ 2017-01-02T21:27:16+08:00 ] 127.0.0.1 /Admin/Article/Index/index.js.map
ERR: 非法操作:index.js.map

[ 2017-01-02T21:29:14+08:00 ] 127.0.0.1 /Admin/Article/Index/getArticles.html?order=asc&limit=20&offset=0
INFO: [ app_begin ] --START--
INFO: Run Behavior\ReadHtmlCacheBehavior [ RunTime:0.000024s ]
INFO: [ app_begin ] --END-- [ RunTime:0.000061s ]
SQL: SHOW COLUMNS FROM `articles` [ RunTime:0.0005s ]
SQL: SHOW COLUMNS FROM `articles` [ RunTime:0.0004s ]
SQL: SELECT COUNT(*) AS tp_count FROM `articles` WHERE ( keyword like '%%' ) LIMIT 1   [ RunTime:0.0002s ]
SQL: SELECT * FROM `articles` LIMIT 0,20   [ RunTime:0.0002s ]
NOTIC: [2] array_key_exists() expects parameter 2 to be array, null given /home/zhong/WebProjects/bsl/App/Common/Model/CommonModel.class.php 第 18 行.
SQL: SELECT * FROM `articles` WHERE `id` = 1  [ RunTime:0.0002s ]

[ 2017-01-02T21:29:14+08:00 ] 127.0.0.1 /Admin/Article/Index/index.js.map
ERR: 非法操作:index.js.map

[ 2017-01-02T21:30:31+08:00 ] 127.0.0.1 /Admin/Article/Index/getArticles.html?order=asc&limit=20&offset=0
INFO: [ app_begin ] --START--
INFO: Run Behavior\ReadHtmlCacheBehavior [ RunTime:0.000041s ]
INFO: [ app_begin ] --END-- [ RunTime:0.000102s ]
SQL: SHOW COLUMNS FROM `articles` [ RunTime:0.0006s ]
SQL: SHOW COLUMNS FROM `articles` [ RunTime:0.0005s ]
SQL: SELECT COUNT(*) AS tp_count FROM `articles` WHERE ( keyword like '%%' ) LIMIT 1   [ RunTime:0.0004s ]
SQL: SELECT * FROM `articles` LIMIT 0,20   [ RunTime:0.0002s ]
NOTIC: [2] array_key_exists() expects parameter 2 to be array, null given /home/zhong/WebProjects/bsl/App/Common/Model/CommonModel.class.php 第 18 行.
SQL: SELECT * FROM `articles` WHERE `id` = 1  [ RunTime:0.0002s ]
INFO: [ app_end ] --START--
INFO: Run Behavior\ShowPageTraceBehavior [ RunTime:0.000054s ]
INFO: [ app_end ] --END-- [ RunTime:0.000091s ]

[ 2017-01-02T21:30:31+08:00 ] 127.0.0.1 /Admin/Article/Index/index.js.map
ERR: 非法操作:index.js.map

[ 2017-01-02T21:31:36+08:00 ] 127.0.0.1 /Admin/Article/Index/getArticles.html?order=asc&limit=20&offset=0
INFO: [ app_begin ] --START--
INFO: Run Behavior\ReadHtmlCacheBehavior [ RunTime:0.000054s ]
INFO: [ app_begin ] --END-- [ RunTime:0.000149s ]
SQL: SHOW COLUMNS FROM `articles` [ RunTime:0.0006s ]
SQL: SHOW COLUMNS FROM `articles` [ RunTime:0.0007s ]
SQL: SELECT COUNT(*) AS tp_count FROM `articles` WHERE ( keyword like '%%' ) LIMIT 1   [ RunTime:0.0003s ]
SQL: SELECT * FROM `articles` LIMIT 0,20   [ RunTime:0.0002s ]
NOTIC: [2] array_key_exists() expects parameter 2 to be array, null given /home/zhong/WebProjects/bsl/App/Common/Model/CommonModel.class.php 第 18 行.
SQL: SELECT * FROM `articles` WHERE `id` = 1  [ RunTime:0.0004s ]
INFO: [ app_end ] --START--
INFO: Run Behavior\ShowPageTraceBehavior [ RunTime:0.000102s ]
INFO: [ app_end ] --END-- [ RunTime:0.000187s ]

[ 2017-01-02T21:31:36+08:00 ] 127.0.0.1 /Admin/Article/Index/index.js.map
ERR: 非法操作:index.js.map

[ 2017-01-02T21:34:26+08:00 ] 127.0.0.1 /Admin/Article/Index/getArticles.html?order=asc&limit=20&offset=0
INFO: [ app_begin ] --START--
INFO: Run Behavior\ReadHtmlCacheBehavior [ RunTime:0.000038s ]
INFO: [ app_begin ] --END-- [ RunTime:0.000082s ]
SQL: SHOW COLUMNS FROM `articles` [ RunTime:0.0005s ]
SQL: SHOW COLUMNS FROM `articles` [ RunTime:0.0004s ]
SQL: SELECT COUNT(*) AS tp_count FROM `articles` WHERE ( keyword like '%%' ) LIMIT 1   [ RunTime:0.0003s ]
SQL: SELECT * FROM `articles` LIMIT 0,20   [ RunTime:0.0002s ]
NOTIC: [2] array_key_exists() expects parameter 2 to be array, null given /home/zhong/WebProjects/bsl/App/Common/Model/CommonModel.class.php 第 18 行.
SQL: SELECT * FROM `articles` WHERE `id` = 1  [ RunTime:0.0003s ]
INFO: [ app_end ] --START--
INFO: Run Behavior\ShowPageTraceBehavior [ RunTime:0.000045s ]
INFO: [ app_end ] --END-- [ RunTime:0.000070s ]

[ 2017-01-02T21:34:26+08:00 ] 127.0.0.1 /Admin/Article/Index/index.js.map
ERR: 非法操作:index.js.map

[ 2017-01-02T21:34:45+08:00 ] 127.0.0.1 /Admin/Article/Index/getArticles.html?order=asc&limit=20&offset=0
INFO: [ app_begin ] --START--
INFO: Run Behavior\ReadHtmlCacheBehavior [ RunTime:0.000036s ]
INFO: [ app_begin ] --END-- [ RunTime:0.000090s ]
SQL: SHOW COLUMNS FROM `articles` [ RunTime:0.0004s ]
SQL: SHOW COLUMNS FROM `articles` [ RunTime:0.0004s ]
SQL: SELECT COUNT(*) AS tp_count FROM `articles` WHERE ( keyword like '%%' ) LIMIT 1   [ RunTime:0.0003s ]
SQL: SELECT * FROM `articles` LIMIT 0,20   [ RunTime:0.0003s ]
NOTIC: [2] array_key_exists() expects parameter 2 to be array, null given /home/zhong/WebProjects/bsl/App/Common/Model/CommonModel.class.php 第 18 行.
SQL: SELECT * FROM `articles` WHERE `id` = 1  [ RunTime:0.0004s ]
INFO: [ app_end ] --START--
INFO: Run Behavior\ShowPageTraceBehavior [ RunTime:0.000055s ]
INFO: [ app_end ] --END-- [ RunTime:0.000083s ]

[ 2017-01-02T21:34:45+08:00 ] 127.0.0.1 /Admin/Article/Index/index.js.map
ERR: 非法操作:index.js.map

[ 2017-01-02T21:34:50+08:00 ] 127.0.0.1 /Admin/Article/Index/getArticles.html?order=asc&limit=20&offset=0
INFO: [ app_begin ] --START--
INFO: Run Behavior\ReadHtmlCacheBehavior [ RunTime:0.000058s ]
INFO: [ app_begin ] --END-- [ RunTime:0.000155s ]
SQL: SHOW COLUMNS FROM `articles` [ RunTime:0.0008s ]
SQL: SHOW COLUMNS FROM `articles` [ RunTime:0.0006s ]
SQL: SELECT COUNT(*) AS tp_count FROM `articles` WHERE ( keyword like '%%' ) LIMIT 1   [ RunTime:0.0004s ]
SQL: SELECT * FROM `articles` LIMIT 0,20   [ RunTime:0.0003s ]
NOTIC: [2] array_key_exists() expects parameter 2 to be array, null given /home/zhong/WebProjects/bsl/App/Common/Model/CommonModel.class.php 第 18 行.
SQL: SELECT * FROM `articles` WHERE `id` = 1  [ RunTime:0.0004s ]
INFO: [ app_end ] --START--
INFO: Run Behavior\ShowPageTraceBehavior [ RunTime:0.000092s ]
INFO: [ app_end ] --END-- [ RunTime:0.000141s ]

[ 2017-01-02T21:34:52+08:00 ] 127.0.0.1 /Admin/Article/Index/getArticles.html?search=1&order=asc&limit=20&offset=0
INFO: [ app_begin ] --START--
INFO: Run Behavior\ReadHtmlCacheBehavior [ RunTime:0.000086s ]
INFO: [ app_begin ] --END-- [ RunTime:0.000216s ]
SQL: SHOW COLUMNS FROM `articles` [ RunTime:0.0011s ]
SQL: SHOW COLUMNS FROM `articles` [ RunTime:0.0010s ]
SQL: SELECT COUNT(*) AS tp_count FROM `articles` WHERE ( keyword like '%1%' ) LIMIT 1   [ RunTime:0.0006s ]
SQL: SELECT * FROM `articles` LIMIT 0,20   [ RunTime:0.0005s ]
NOTIC: [2] array_key_exists() expects parameter 2 to be array, null given /home/zhong/WebProjects/bsl/App/Common/Model/CommonModel.class.php 第 18 行.
SQL: SELECT * FROM `articles` WHERE `id` = 1  [ RunTime:0.0005s ]
INFO: [ app_end ] --START--
INFO: Run Behavior\ShowPageTraceBehavior [ RunTime:0.000089s ]
INFO: [ app_end ] --END-- [ RunTime:0.000161s ]

[ 2017-01-02T21:34:53+08:00 ] 127.0.0.1 /Admin/Article/Index/getArticles.html?search=11&order=asc&limit=20&offset=0
INFO: [ app_begin ] --START--
INFO: Run Behavior\ReadHtmlCacheBehavior [ RunTime:0.000039s ]
INFO: [ app_begin ] --END-- [ RunTime:0.000100s ]
SQL: SHOW COLUMNS FROM `articles` [ RunTime:0.0006s ]
SQL: SHOW COLUMNS FROM `articles` [ RunTime:0.0006s ]
SQL: SELECT COUNT(*) AS tp_count FROM `articles` WHERE ( keyword like '%11%' ) LIMIT 1   [ RunTime:0.0004s ]
SQL: SELECT * FROM `articles` LIMIT 0,20   [ RunTime:0.0003s ]
NOTIC: [2] array_key_exists() expects parameter 2 to be array, null given /home/zhong/WebProjects/bsl/App/Common/Model/CommonModel.class.php 第 18 行.
SQL: SELECT * FROM `articles` WHERE `id` = 1  [ RunTime:0.0003s ]
INFO: [ app_end ] --START--
INFO: Run Behavior\ShowPageTraceBehavior [ RunTime:0.000069s ]
INFO: [ app_end ] --END-- [ RunTime:0.000111s ]

[ 2017-01-02T21:34:55+08:00 ] 127.0.0.1 /Admin/Article/Index/getArticles.html?search=111&order=asc&limit=20&offset=0
INFO: [ app_begin ] --START--
INFO: Run Behavior\ReadHtmlCacheBehavior [ RunTime:0.000087s ]
INFO: [ app_begin ] --END-- [ RunTime:0.000222s ]
SQL: SHOW COLUMNS FROM `articles` [ RunTime:0.0011s ]
SQL: SHOW COLUMNS FROM `articles` [ RunTime:0.0009s ]
SQL: SELECT COUNT(*) AS tp_count FROM `articles` WHERE ( keyword like '%111%' ) LIMIT 1   [ RunTime:0.0005s ]
SQL: SELECT * FROM `articles` LIMIT 0,20   [ RunTime:0.0004s ]
NOTIC: [2] array_key_exists() expects parameter 2 to be array, null given /home/zhong/WebProjects/bsl/App/Common/Model/CommonModel.class.php 第 18 行.
SQL: SELECT * FROM `articles` WHERE `id` = 1  [ RunTime:0.0005s ]
INFO: [ app_end ] --START--
INFO: Run Behavior\ShowPageTraceBehavior [ RunTime:0.000074s ]
INFO: [ app_end ] --END-- [ RunTime:0.000122s ]

[ 2017-01-02T21:34:56+08:00 ] 127.0.0.1 /Admin/Article/Index/getArticles.html?search=1111&order=asc&limit=20&offset=0
INFO: [ app_begin ] --START--
INFO: Run Behavior\ReadHtmlCacheBehavior [ RunTime:0.000041s ]
INFO: [ app_begin ] --END-- [ RunTime:0.000106s ]
SQL: SHOW COLUMNS FROM `articles` [ RunTime:0.0006s ]
SQL: SHOW COLUMNS FROM `articles` [ RunTime:0.0006s ]
SQL: SELECT COUNT(*) AS tp_count FROM `articles` WHERE ( keyword like '%1111%' ) LIMIT 1   [ RunTime:0.0003s ]
SQL: SELECT * FROM `articles` LIMIT 0,20   [ RunTime:0.0003s ]
NOTIC: [2] array_key_exists() expects parameter 2 to be array, null given /home/zhong/WebProjects/bsl/App/Common/Model/CommonModel.class.php 第 18 行.
SQL: SELECT * FROM `articles` WHERE `id` = 1  [ RunTime:0.0003s ]
INFO: [ app_end ] --START--
INFO: Run Behavior\ShowPageTraceBehavior [ RunTime:0.000066s ]
INFO: [ app_end ] --END-- [ RunTime:0.000106s ]

[ 2017-01-02T21:34:57+08:00 ] 127.0.0.1 /Admin/Article/Index/getArticles.html?search=11111&order=asc&limit=20&offset=0
INFO: [ app_begin ] --START--
INFO: Run Behavior\ReadHtmlCacheBehavior [ RunTime:0.000072s ]
INFO: [ app_begin ] --END-- [ RunTime:0.000183s ]
SQL: SHOW COLUMNS FROM `articles` [ RunTime:0.0011s ]
SQL: SHOW COLUMNS FROM `articles` [ RunTime:0.0008s ]
SQL: SELECT COUNT(*) AS tp_count FROM `articles` WHERE ( keyword like '%11111%' ) LIMIT 1   [ RunTime:0.0004s ]
SQL: SELECT * FROM `articles` LIMIT 0,20   [ RunTime:0.0004s ]
NOTIC: [2] array_key_exists() expects parameter 2 to be array, null given /home/zhong/WebProjects/bsl/App/Common/Model/CommonModel.class.php 第 18 行.
SQL: SELECT * FROM `articles` WHERE `id` = 1  [ RunTime:0.0004s ]
INFO: [ app_end ] --START--
INFO: Run Behavior\ShowPageTraceBehavior [ RunTime:0.000080s ]
INFO: [ app_end ] --END-- [ RunTime:0.000133s ]

[ 2017-01-02T21:35:02+08:00 ] 127.0.0.1 /Admin/Article/Index/getArticles.html?search=2&order=asc&limit=20&offset=0
INFO: [ app_begin ] --START--
INFO: Run Behavior\ReadHtmlCacheBehavior [ RunTime:0.000080s ]
INFO: [ app_begin ] --END-- [ RunTime:0.000197s ]
SQL: SHOW COLUMNS FROM `articles` [ RunTime:0.0008s ]
SQL: SHOW COLUMNS FROM `articles` [ RunTime:0.0008s ]
SQL: SELECT COUNT(*) AS tp_count FROM `articles` WHERE ( keyword like '%2%' ) LIMIT 1   [ RunTime:0.0005s ]
SQL: SELECT * FROM `articles` LIMIT 0,20   [ RunTime:0.0004s ]
NOTIC: [2] array_key_exists() expects parameter 2 to be array, null given /home/zhong/WebProjects/bsl/App/Common/Model/CommonModel.class.php 第 18 行.
SQL: SELECT * FROM `articles` WHERE `id` = 1  [ RunTime:0.0004s ]
INFO: [ app_end ] --START--
INFO: Run Behavior\ShowPageTraceBehavior [ RunTime:0.000094s ]
INFO: [ app_end ] --END-- [ RunTime:0.000151s ]

[ 2017-01-02T21:35:33+08:00 ] 127.0.0.1 /Admin/Article/Index/getArticles.html?search=3&order=asc&limit=20&offset=0
INFO: [ app_begin ] --START--
INFO: Run Behavior\ReadHtmlCacheBehavior [ RunTime:0.000069s ]
INFO: [ app_begin ] --END-- [ RunTime:0.000184s ]
SQL: SHOW COLUMNS FROM `articles` [ RunTime:0.0008s ]
SQL: SHOW COLUMNS FROM `articles` [ RunTime:0.0008s ]
SQL: SELECT COUNT(*) AS tp_count FROM `articles` WHERE ( keyword like '%3%' ) LIMIT 1   [ RunTime:0.0004s ]
SQL: SELECT * FROM `articles` LIMIT 0,20   [ RunTime:0.0003s ]
NOTIC: [2] array_key_exists() expects parameter 2 to be array, null given /home/zhong/WebProjects/bsl/App/Common/Model/CommonModel.class.php 第 18 行.
SQL: SELECT * FROM `articles` WHERE `id` = 1  [ RunTime:0.0003s ]
INFO: [ app_end ] --START--
INFO: Run Behavior\ShowPageTraceBehavior [ RunTime:0.000076s ]
INFO: [ app_end ] --END-- [ RunTime:0.000119s ]

[ 2017-01-02T21:36:01+08:00 ] 127.0.0.1 /Admin/Article/Index/getArticles.html?order=asc&limit=20&offset=0
INFO: [ app_begin ] --START--
INFO: Run Behavior\ReadHtmlCacheBehavior [ RunTime:0.000036s ]
INFO: [ app_begin ] --END-- [ RunTime:0.000086s ]
SQL: SHOW COLUMNS FROM `articles` [ RunTime:0.0005s ]
SQL: SHOW COLUMNS FROM `articles` [ RunTime:0.0005s ]
SQL: SELECT COUNT(*) AS tp_count FROM `articles` WHERE ( keyword like '%%' ) LIMIT 1   [ RunTime:0.0003s ]
SQL: SELECT * FROM `articles` LIMIT 0,20   [ RunTime:0.0003s ]
NOTIC: [2] array_key_exists() expects parameter 2 to be array, null given /home/zhong/WebProjects/bsl/App/Common/Model/CommonModel.class.php 第 18 行.
SQL: SELECT * FROM `articles` WHERE `id` = 1  [ RunTime:0.0003s ]
INFO: [ app_end ] --START--
INFO: Run Behavior\ShowPageTraceBehavior [ RunTime:0.000061s ]
INFO: [ app_end ] --END-- [ RunTime:0.000102s ]

[ 2017-01-02T21:36:02+08:00 ] 127.0.0.1 /Admin/Article/Index/index.js.map
ERR: 非法操作:index.js.map

[ 2017-01-02T21:36:49+08:00 ] 127.0.0.1 /Admin/Article/Index/getArticles.html?order=asc&limit=20&offset=0
INFO: [ app_begin ] --START--
INFO: Run Behavior\ReadHtmlCacheBehavior [ RunTime:0.000040s ]
INFO: [ app_begin ] --END-- [ RunTime:0.000096s ]
SQL: SHOW COLUMNS FROM `articles` [ RunTime:0.0006s ]
SQL: SHOW COLUMNS FROM `articles` [ RunTime:0.0006s ]
SQL: SELECT COUNT(*) AS tp_count FROM `articles` WHERE ( keyword like '%%' ) LIMIT 1   [ RunTime:0.0003s ]
SQL: SELECT * FROM `articles` LIMIT 0,20   [ RunTime:0.0003s ]
NOTIC: [2] array_key_exists() expects parameter 2 to be array, null given /home/zhong/WebProjects/bsl/App/Common/Model/CommonModel.class.php 第 18 行.
SQL: SELECT * FROM `articles` WHERE `id` = 1  [ RunTime:0.0003s ]
INFO: [ app_end ] --START--
INFO: Run Behavior\ShowPageTraceBehavior [ RunTime:0.000064s ]
INFO: [ app_end ] --END-- [ RunTime:0.000105s ]

[ 2017-01-02T21:36:49+08:00 ] 127.0.0.1 /Admin/Article/Index/index.js.map
ERR: 非法操作:index.js.map

[ 2017-01-02T21:36:59+08:00 ] 127.0.0.1 /Admin/Article/Index/getArticles.html?search=2&order=asc&limit=20&offset=0
INFO: [ app_begin ] --START--
INFO: Run Behavior\ReadHtmlCacheBehavior [ RunTime:0.000055s ]
INFO: [ app_begin ] --END-- [ RunTime:0.000140s ]
SQL: SHOW COLUMNS FROM `articles` [ RunTime:0.0008s ]
SQL: SHOW COLUMNS FROM `articles` [ RunTime:0.0007s ]
SQL: SELECT COUNT(*) AS tp_count FROM `articles` WHERE ( keyword like '%2%' ) LIMIT 1   [ RunTime:0.0003s ]
SQL: SELECT * FROM `articles` LIMIT 0,20   [ RunTime:0.0003s ]
NOTIC: [2] array_key_exists() expects parameter 2 to be array, null given /home/zhong/WebProjects/bsl/App/Common/Model/CommonModel.class.php 第 18 行.
SQL: SELECT * FROM `articles` WHERE `id` = 1  [ RunTime:0.0003s ]
INFO: [ app_end ] --START--
INFO: Run Behavior\ShowPageTraceBehavior [ RunTime:0.000077s ]
INFO: [ app_end ] --END-- [ RunTime:0.000130s ]

[ 2017-01-02T21:37:27+08:00 ] 127.0.0.1 /Admin/Article/Index/getArticles.html?search=&order=asc&limit=20&offset=0
INFO: [ app_begin ] --START--
INFO: Run Behavior\ReadHtmlCacheBehavior [ RunTime:0.000054s ]
INFO: [ app_begin ] --END-- [ RunTime:0.000140s ]
SQL: SHOW COLUMNS FROM `articles` [ RunTime:0.0007s ]
SQL: SHOW COLUMNS FROM `articles` [ RunTime:0.0007s ]
SQL: SELECT COUNT(*) AS tp_count FROM `articles` WHERE ( keyword like '%%' ) LIMIT 1   [ RunTime:0.0004s ]
SQL: SELECT * FROM `articles` LIMIT 0,20   [ RunTime:0.0003s ]
NOTIC: [2] array_key_exists() expects parameter 2 to be array, null given /home/zhong/WebProjects/bsl/App/Common/Model/CommonModel.class.php 第 18 行.
SQL: SELECT * FROM `articles` WHERE `id` = 1  [ RunTime:0.0004s ]
INFO: [ app_end ] --START--
INFO: Run Behavior\ShowPageTraceBehavior [ RunTime:0.000091s ]
INFO: [ app_end ] --END-- [ RunTime:0.000145s ]

[ 2017-01-02T21:37:55+08:00 ] 127.0.0.1 /Admin/Article/Index/getArticles.html?search=3&order=asc&limit=20&offset=0
INFO: [ app_begin ] --START--
INFO: Run Behavior\ReadHtmlCacheBehavior [ RunTime:0.000035s ]
INFO: [ app_begin ] --END-- [ RunTime:0.000101s ]
SQL: SHOW COLUMNS FROM `articles` [ RunTime:0.0006s ]
SQL: SHOW COLUMNS FROM `articles` [ RunTime:0.0006s ]
SQL: SELECT COUNT(*) AS tp_count FROM `articles` WHERE ( keyword like '%3%' ) LIMIT 1   [ RunTime:0.0004s ]
SQL: SELECT * FROM `articles` LIMIT 0,20   [ RunTime:0.0003s ]
NOTIC: [2] array_key_exists() expects parameter 2 to be array, null given /home/zhong/WebProjects/bsl/App/Common/Model/CommonModel.class.php 第 18 行.
SQL: SELECT * FROM `articles` WHERE `id` = 1  [ RunTime:0.0003s ]
INFO: [ app_end ] --START--
INFO: Run Behavior\ShowPageTraceBehavior [ RunTime:0.000073s ]
INFO: [ app_end ] --END-- [ RunTime:0.000114s ]

[ 2017-01-02T21:38:44+08:00 ] 127.0.0.1 /Admin/Article/Index/getArticles.html?order=asc&limit=20&offset=0
INFO: [ app_begin ] --START--
INFO: Run Behavior\ReadHtmlCacheBehavior [ RunTime:0.000041s ]
INFO: [ app_begin ] --END-- [ RunTime:0.000106s ]
SQL: SHOW COLUMNS FROM `articles` [ RunTime:0.0004s ]
SQL: SHOW COLUMNS FROM `articles` [ RunTime:0.0003s ]
SQL: SELECT * FROM `articles` WHERE ( keyword like '%%' ) LIMIT 0,20   [ RunTime:0.0003s ]
NOTIC: [2] array_key_exists() expects parameter 2 to be array, null given /home/zhong/WebProjects/bsl/App/Common/Model/CommonModel.class.php 第 18 行.
SQL: SELECT * FROM `articles` WHERE `id` = 1  [ RunTime:0.0003s ]
INFO: [ app_end ] --START--
INFO: Run Behavior\ShowPageTraceBehavior [ RunTime:0.000061s ]
INFO: [ app_end ] --END-- [ RunTime:0.000104s ]

[ 2017-01-02T21:38:44+08:00 ] 127.0.0.1 /Admin/Article/Index/index.js.map
ERR: 非法操作:index.js.map

[ 2017-01-02T21:38:52+08:00 ] 127.0.0.1 /Admin/Article/Index/getArticles.html?search=3&order=asc&limit=20&offset=0
INFO: [ app_begin ] --START--
INFO: Run Behavior\ReadHtmlCacheBehavior [ RunTime:0.000062s ]
INFO: [ app_begin ] --END-- [ RunTime:0.000153s ]
SQL: SHOW COLUMNS FROM `articles` [ RunTime:0.0008s ]
SQL: SHOW COLUMNS FROM `articles` [ RunTime:0.0007s ]
SQL: SELECT * FROM `articles` WHERE ( keyword like '%3%' ) LIMIT 0,20   [ RunTime:0.0004s ]
INFO: [ app_end ] --START--
INFO: Run Behavior\ShowPageTraceBehavior [ RunTime:0.000084s ]
INFO: [ app_end ] --END-- [ RunTime:0.000138s ]

[ 2017-01-02T21:39:21+08:00 ] 127.0.0.1 /Admin/Article/Index/getArticles.html?order=asc&limit=20&offset=0
INFO: [ app_begin ] --START--
INFO: Run Behavior\ReadHtmlCacheBehavior [ RunTime:0.000041s ]
INFO: [ app_begin ] --END-- [ RunTime:0.000104s ]
SQL: SHOW COLUMNS FROM `articles` [ RunTime:0.0005s ]
SQL: SHOW COLUMNS FROM `articles` [ RunTime:0.0005s ]
SQL: SELECT * FROM `articles` WHERE ( keyword like '%%' ) LIMIT 0,20   [ RunTime:0.0003s ]
NOTIC: [2] array_key_exists() expects parameter 2 to be array, null given /home/zhong/WebProjects/bsl/App/Common/Model/CommonModel.class.php 第 18 行.
SQL: SELECT * FROM `articles` WHERE `id` = 1  [ RunTime:0.0003s ]
SQL: SELECT COUNT(*) AS tp_count FROM `articles` LIMIT 1   [ RunTime:0.0003s ]
INFO: [ app_end ] --START--
INFO: Run Behavior\ShowPageTraceBehavior [ RunTime:0.000065s ]
INFO: [ app_end ] --END-- [ RunTime:0.000108s ]

[ 2017-01-02T21:39:21+08:00 ] 127.0.0.1 /Admin/Article/Index/index.js.map
ERR: 非法操作:index.js.map

[ 2017-01-02T21:39:27+08:00 ] 127.0.0.1 /Admin/Article/Index/getArticles.html?search=3&order=asc&limit=20&offset=0
INFO: [ app_begin ] --START--
INFO: Run Behavior\ReadHtmlCacheBehavior [ RunTime:0.000054s ]
INFO: [ app_begin ] --END-- [ RunTime:0.000140s ]
SQL: SHOW COLUMNS FROM `articles` [ RunTime:0.0008s ]
SQL: SHOW COLUMNS FROM `articles` [ RunTime:0.0008s ]
SQL: SELECT * FROM `articles` WHERE ( keyword like '%3%' ) LIMIT 0,20   [ RunTime:0.0003s ]
SQL: SELECT COUNT(*) AS tp_count FROM `articles` LIMIT 1   [ RunTime:0.0002s ]
INFO: [ app_end ] --START--
INFO: Run Behavior\ShowPageTraceBehavior [ RunTime:0.000075s ]
INFO: [ app_end ] --END-- [ RunTime:0.000121s ]

[ 2017-01-02T21:41:25+08:00 ] 127.0.0.1 /Admin/Article/Index/getArticles.html?order=asc&limit=20&offset=0
INFO: [ app_begin ] --START--
INFO: Run Behavior\ReadHtmlCacheBehavior [ RunTime:0.000039s ]
INFO: [ app_begin ] --END-- [ RunTime:0.000089s ]
SQL: SHOW COLUMNS FROM `articles` [ RunTime:0.0006s ]
SQL: SHOW COLUMNS FROM `articles` [ RunTime:0.0008s ]
SQL: SELECT * FROM `articles` WHERE ( keyword like '%%' ) LIMIT 0,20   [ RunTime:0.0007s ]
NOTIC: [2] array_key_exists() expects parameter 2 to be array, null given /home/zhong/WebProjects/bsl/App/Common/Model/CommonModel.class.php 第 18 行.
SQL: SELECT * FROM `articles` WHERE `id` = 1  [ RunTime:0.0006s ]
SQL: SELECT COUNT(*) AS tp_count FROM `articles` WHERE ( keyword like '%%' ) LIMIT 1   [ RunTime:0.0003s ]
INFO: [ app_end ] --START--
INFO: Run Behavior\ShowPageTraceBehavior [ RunTime:0.000065s ]
INFO: [ app_end ] --END-- [ RunTime:0.000109s ]

[ 2017-01-02T21:41:25+08:00 ] 127.0.0.1 /Admin/Article/Index/index.js.map
ERR: 非法操作:index.js.map

[ 2017-01-02T21:41:26+08:00 ] 127.0.0.1 /Admin/Article/Index/getArticles.html?search=3&order=asc&limit=20&offset=0
INFO: [ app_begin ] --START--
INFO: Run Behavior\ReadHtmlCacheBehavior [ RunTime:0.000024s ]
INFO: [ app_begin ] --END-- [ RunTime:0.000062s ]
SQL: SHOW COLUMNS FROM `articles` [ RunTime:0.0005s ]
SQL: SHOW COLUMNS FROM `articles` [ RunTime:0.0004s ]
SQL: SELECT * FROM `articles` WHERE ( keyword like '%3%' ) LIMIT 0,20   [ RunTime:0.0003s ]
SQL: SELECT COUNT(*) AS tp_count FROM `articles` WHERE ( keyword like '%3%' ) LIMIT 1   [ RunTime:0.0002s ]
INFO: [ app_end ] --START--
INFO: Run Behavior\ShowPageTraceBehavior [ RunTime:0.000056s ]
INFO: [ app_end ] --END-- [ RunTime:0.000092s ]

[ 2017-01-02T21:41:29+08:00 ] 127.0.0.1 /Admin/Article/Index/getArticles.html?search=&order=asc&limit=20&offset=0
INFO: [ app_begin ] --START--
INFO: Run Behavior\ReadHtmlCacheBehavior [ RunTime:0.000074s ]
INFO: [ app_begin ] --END-- [ RunTime:0.000219s ]
SQL: SHOW COLUMNS FROM `articles` [ RunTime:0.0011s ]
SQL: SHOW COLUMNS FROM `articles` [ RunTime:0.0008s ]
SQL: SELECT * FROM `articles` WHERE ( keyword like '%%' ) LIMIT 0,20   [ RunTime:0.0005s ]
NOTIC: [2] array_key_exists() expects parameter 2 to be array, null given /home/zhong/WebProjects/bsl/App/Common/Model/CommonModel.class.php 第 18 行.
SQL: SELECT * FROM `articles` WHERE `id` = 1  [ RunTime:0.0005s ]
SQL: SELECT COUNT(*) AS tp_count FROM `articles` WHERE ( keyword like '%%' ) LIMIT 1   [ RunTime:0.0004s ]
INFO: [ app_end ] --START--
INFO: Run Behavior\ShowPageTraceBehavior [ RunTime:0.000105s ]
INFO: [ app_end ] --END-- [ RunTime:0.000170s ]

[ 2017-01-02T21:46:47+08:00 ] 127.0.0.1 /Admin/Article/Index/getArticles.html?order=asc&limit=20&offset=0
INFO: [ app_begin ] --START--
INFO: Run Behavior\ReadHtmlCacheBehavior [ RunTime:0.000036s ]
INFO: [ app_begin ] --END-- [ RunTime:0.000091s ]
SQL: SHOW COLUMNS FROM `articles` [ RunTime:0.0007s ]
SQL: SHOW COLUMNS FROM `articles` [ RunTime:0.0006s ]
SQL: SELECT * FROM `articles` WHERE ( keyword like '%%' ) LIMIT 0,20   [ RunTime:0.0004s ]
NOTIC: [2] array_key_exists() expects parameter 2 to be array, null given /home/zhong/WebProjects/bsl/App/Common/Model/CommonModel.class.php 第 18 行.
SQL: SELECT * FROM `articles` WHERE `id` = 1  [ RunTime:0.0006s ]
SQL: SELECT COUNT(*) AS tp_count FROM `articles` WHERE ( keyword like '%%' ) LIMIT 1   [ RunTime:0.0003s ]
INFO: [ app_end ] --START--
INFO: Run Behavior\ShowPageTraceBehavior [ RunTime:0.000064s ]
INFO: [ app_end ] --END-- [ RunTime:0.000107s ]

[ 2017-01-02T21:46:49+08:00 ] 127.0.0.1 /Admin/Article/Index/getArticles.html?search=2&order=asc&limit=20&offset=0
INFO: [ app_begin ] --START--
INFO: Run Behavior\ReadHtmlCacheBehavior [ RunTime:0.000053s ]
INFO: [ app_begin ] --END-- [ RunTime:0.000139s ]
SQL: SHOW COLUMNS FROM `articles` [ RunTime:0.0011s ]
SQL: SHOW COLUMNS FROM `articles` [ RunTime:0.0007s ]
SQL: SELECT * FROM `articles` WHERE ( keyword like '%2%' ) LIMIT 0,20   [ RunTime:0.0004s ]
SQL: SELECT COUNT(*) AS tp_count FROM `articles` WHERE ( keyword like '%2%' ) LIMIT 1   [ RunTime:0.0003s ]
INFO: [ app_end ] --START--
INFO: Run Behavior\ShowPageTraceBehavior [ RunTime:0.000068s ]
INFO: [ app_end ] --END-- [ RunTime:0.000116s ]

[ 2017-01-02T21:46:51+08:00 ] 127.0.0.1 /Admin/Article/Index/getArticles.html?search=1&order=asc&limit=20&offset=0
INFO: [ app_begin ] --START--
INFO: Run Behavior\ReadHtmlCacheBehavior [ RunTime:0.000057s ]
INFO: [ app_begin ] --END-- [ RunTime:0.000144s ]
SQL: SHOW COLUMNS FROM `articles` [ RunTime:0.0008s ]
SQL: SHOW COLUMNS FROM `articles` [ RunTime:0.0007s ]
SQL: SELECT * FROM `articles` WHERE ( keyword like '%1%' ) LIMIT 0,20   [ RunTime:0.0004s ]
NOTIC: [2] array_key_exists() expects parameter 2 to be array, null given /home/zhong/WebProjects/bsl/App/Common/Model/CommonModel.class.php 第 18 行.
SQL: SELECT * FROM `articles` WHERE `id` = 1  [ RunTime:0.0004s ]
SQL: SELECT COUNT(*) AS tp_count FROM `articles` WHERE ( keyword like '%1%' ) LIMIT 1   [ RunTime:0.0005s ]
INFO: [ app_end ] --START--
INFO: Run Behavior\ShowPageTraceBehavior [ RunTime:0.000108s ]
INFO: [ app_end ] --END-- [ RunTime:0.000178s ]

[ 2017-01-02T21:51:14+08:00 ] 127.0.0.1 /Admin/Article/Index/getArticles.html?order=asc&limit=20&offset=0
INFO: [ app_begin ] --START--
INFO: Run Behavior\ReadHtmlCacheBehavior [ RunTime:0.000041s ]
INFO: [ app_begin ] --END-- [ RunTime:0.000102s ]
SQL: SHOW COLUMNS FROM `articles` [ RunTime:0.0006s ]
SQL: SHOW COLUMNS FROM `articles` [ RunTime:0.0005s ]
SQL: SELECT * FROM `articles` WHERE ( keyword like '%%' ) LIMIT 0,20   [ RunTime:0.0003s ]
NOTIC: [2] array_key_exists() expects parameter 2 to be array, null given /home/zhong/WebProjects/bsl/App/Common/Model/CommonModel.class.php 第 18 行.
SQL: SELECT * FROM `articles` WHERE `id` = 1  [ RunTime:0.0002s ]
SQL: SELECT COUNT(*) AS tp_count FROM `articles` WHERE ( keyword like '%%' ) LIMIT 1   [ RunTime:0.0003s ]
INFO: [ app_end ] --START--
INFO: Run Behavior\ShowPageTraceBehavior [ RunTime:0.000058s ]
INFO: [ app_end ] --END-- [ RunTime:0.000099s ]

[ 2017-01-02T21:51:24+08:00 ] 127.0.0.1 /Admin/Article/Index/getArticles.html?order=asc&limit=20&offset=0
INFO: [ app_begin ] --START--
INFO: Run Behavior\ReadHtmlCacheBehavior [ RunTime:0.000041s ]
INFO: [ app_begin ] --END-- [ RunTime:0.000103s ]
SQL: SHOW COLUMNS FROM `articles` [ RunTime:0.0008s ]
SQL: SHOW COLUMNS FROM `articles` [ RunTime:0.0008s ]
SQL: SELECT * FROM `articles` WHERE ( keyword like '%%' ) LIMIT 0,20   [ RunTime:0.0004s ]
NOTIC: [2] array_key_exists() expects parameter 2 to be array, null given /home/zhong/WebProjects/bsl/App/Common/Model/CommonModel.class.php 第 18 行.
SQL: SELECT * FROM `articles` WHERE `id` = 1  [ RunTime:0.0003s ]
SQL: SELECT COUNT(*) AS tp_count FROM `articles` WHERE ( keyword like '%%' ) LIMIT 1   [ RunTime:0.0003s ]
INFO: [ app_end ] --START--
INFO: Run Behavior\ShowPageTraceBehavior [ RunTime:0.000065s ]
INFO: [ app_end ] --END-- [ RunTime:0.000105s ]

[ 2017-01-02T21:51:26+08:00 ] 127.0.0.1 /Admin/Article/Index/getArticles.html?order=asc&limit=20&offset=0
INFO: [ app_begin ] --START--
INFO: Run Behavior\ReadHtmlCacheBehavior [ RunTime:0.000044s ]
INFO: [ app_begin ] --END-- [ RunTime:0.000120s ]
SQL: SHOW COLUMNS FROM `articles` [ RunTime:0.0004s ]
SQL: SHOW COLUMNS FROM `articles` [ RunTime:0.0004s ]
SQL: SELECT * FROM `articles` WHERE ( keyword like '%%' ) LIMIT 0,20   [ RunTime:0.0002s ]
NOTIC: [2] array_key_exists() expects parameter 2 to be array, null given /home/zhong/WebProjects/bsl/App/Common/Model/CommonModel.class.php 第 18 行.
SQL: SELECT * FROM `articles` WHERE `id` = 1  [ RunTime:0.0002s ]
SQL: SELECT COUNT(*) AS tp_count FROM `articles` WHERE ( keyword like '%%' ) LIMIT 1   [ RunTime:0.0003s ]
INFO: [ app_end ] --START--
INFO: Run Behavior\ShowPageTraceBehavior [ RunTime:0.000062s ]
INFO: [ app_end ] --END-- [ RunTime:0.000101s ]

[ 2017-01-02T21:52:11+08:00 ] 127.0.0.1 /Admin/Article/Index/getArticles.html?order=asc&limit=20&offset=0
INFO: [ app_begin ] --START--
INFO: Run Behavior\ReadHtmlCacheBehavior [ RunTime:0.000039s ]
INFO: [ app_begin ] --END-- [ RunTime:0.000102s ]
SQL: SHOW COLUMNS FROM `articles` [ RunTime:0.0004s ]
SQL: SHOW COLUMNS FROM `articles` [ RunTime:0.0003s ]
SQL: SELECT * FROM `articles` WHERE ( keyword like '%%' ) LIMIT 0,20   [ RunTime:0.0002s ]
NOTIC: [2] array_key_exists() expects parameter 2 to be array, null given /home/zhong/WebProjects/bsl/App/Common/Model/CommonModel.class.php 第 18 行.
SQL: SELECT * FROM `articles` WHERE `id` = 1  [ RunTime:0.0002s ]
SQL: SELECT COUNT(*) AS tp_count FROM `articles` WHERE ( keyword like '%%' ) LIMIT 1   [ RunTime:0.0002s ]
INFO: [ app_end ] --START--
INFO: Run Behavior\ShowPageTraceBehavior [ RunTime:0.000062s ]
INFO: [ app_end ] --END-- [ RunTime:0.000099s ]

[ 2017-01-02T21:52:16+08:00 ] 127.0.0.1 /Admin/Article/Index/getArticles.html?order=asc&limit=20&offset=0
INFO: [ app_begin ] --START--
INFO: Run Behavior\ReadHtmlCacheBehavior [ RunTime:0.000039s ]
INFO: [ app_begin ] --END-- [ RunTime:0.000097s ]
SQL: SHOW COLUMNS FROM `articles` [ RunTime:0.0005s ]
SQL: SHOW COLUMNS FROM `articles` [ RunTime:0.0006s ]
SQL: SELECT * FROM `articles` WHERE ( keyword like '%%' ) LIMIT 0,20   [ RunTime:0.0004s ]
NOTIC: [2] array_key_exists() expects parameter 2 to be array, null given /home/zhong/WebProjects/bsl/App/Common/Model/CommonModel.class.php 第 18 行.
SQL: SELECT * FROM `articles` WHERE `id` = 1  [ RunTime:0.0003s ]
SQL: SELECT COUNT(*) AS tp_count FROM `articles` WHERE ( keyword like '%%' ) LIMIT 1   [ RunTime:0.0002s ]
INFO: [ app_end ] --START--
INFO: Run Behavior\ShowPageTraceBehavior [ RunTime:0.000061s ]
INFO: [ app_end ] --END-- [ RunTime:0.000100s ]

[ 2017-01-02T21:52:19+08:00 ] 127.0.0.1 /Admin/Article/Index/getArticles.html?order=asc&limit=20&offset=0
INFO: [ app_begin ] --START--
INFO: Run Behavior\ReadHtmlCacheBehavior [ RunTime:0.000023s ]
INFO: [ app_begin ] --END-- [ RunTime:0.000059s ]
SQL: SHOW COLUMNS FROM `articles` [ RunTime:0.0004s ]
SQL: SHOW COLUMNS FROM `articles` [ RunTime:0.0003s ]
SQL: SELECT * FROM `articles` WHERE ( keyword like '%%' ) LIMIT 0,20   [ RunTime:0.0003s ]
NOTIC: [2] array_key_exists() expects parameter 2 to be array, null given /home/zhong/WebProjects/bsl/App/Common/Model/CommonModel.class.php 第 18 行.
SQL: SELECT * FROM `articles` WHERE `id` = 1  [ RunTime:0.0003s ]
SQL: SELECT COUNT(*) AS tp_count FROM `articles` WHERE ( keyword like '%%' ) LIMIT 1   [ RunTime:0.0003s ]
INFO: [ app_end ] --START--
INFO: Run Behavior\ShowPageTraceBehavior [ RunTime:0.000067s ]
INFO: [ app_end ] --END-- [ RunTime:0.000106s ]

